{"/home/jack/Desktop/Node.js/lesson6/main.test.js":{"path":"/home/jack/Desktop/Node.js/lesson6/main.test.js","s":{"1":1,"2":1,"3":1,"4":0,"5":0,"6":0,"7":0,"8":0,"9":0,"10":0,"11":0,"12":0,"13":0,"14":0,"15":0,"16":0,"17":0,"18":0},"b":{},"f":{"1":0,"2":0,"3":0,"4":0,"5":0,"6":0,"7":0,"8":0,"9":0,"10":0},"fnMap":{"1":{"name":"(anonymous_1)","line":4,"loc":{"start":{"line":4,"column":25},"end":{"line":4,"column":37}}},"2":{"name":"(anonymous_2)","line":5,"loc":{"start":{"line":5,"column":36},"end":{"line":5,"column":48}}},"3":{"name":"(anonymous_3)","line":9,"loc":{"start":{"line":9,"column":36},"end":{"line":9,"column":48}}},"4":{"name":"(anonymous_4)","line":13,"loc":{"start":{"line":13,"column":38},"end":{"line":13,"column":50}}},"5":{"name":"(anonymous_5)","line":17,"loc":{"start":{"line":17,"column":33},"end":{"line":17,"column":45}}},"6":{"name":"(anonymous_6)","line":18,"loc":{"start":{"line":18,"column":5},"end":{"line":18,"column":17}}},"7":{"name":"(anonymous_7)","line":23,"loc":{"start":{"line":23,"column":32},"end":{"line":23,"column":44}}},"8":{"name":"(anonymous_8)","line":24,"loc":{"start":{"line":24,"column":5},"end":{"line":24,"column":17}}},"9":{"name":"(anonymous_9)","line":29,"loc":{"start":{"line":29,"column":40},"end":{"line":29,"column":52}}},"10":{"name":"(anonymous_10)","line":30,"loc":{"start":{"line":30,"column":5},"end":{"line":30,"column":17}}}},"statementMap":{"1":{"start":{"line":1,"column":0},"end":{"line":1,"column":29}},"2":{"start":{"line":2,"column":0},"end":{"line":2,"column":31}},"3":{"start":{"line":4,"column":0},"end":{"line":34,"column":3}},"4":{"start":{"line":5,"column":2},"end":{"line":7,"column":5}},"5":{"start":{"line":6,"column":4},"end":{"line":6,"column":38}},"6":{"start":{"line":9,"column":2},"end":{"line":11,"column":5}},"7":{"start":{"line":10,"column":4},"end":{"line":10,"column":38}},"8":{"start":{"line":13,"column":2},"end":{"line":15,"column":5}},"9":{"start":{"line":14,"column":4},"end":{"line":14,"column":40}},"10":{"start":{"line":17,"column":2},"end":{"line":21,"column":5}},"11":{"start":{"line":18,"column":4},"end":{"line":20,"column":38}},"12":{"start":{"line":19,"column":6},"end":{"line":19,"column":25}},"13":{"start":{"line":23,"column":2},"end":{"line":27,"column":5}},"14":{"start":{"line":24,"column":4},"end":{"line":26,"column":37}},"15":{"start":{"line":25,"column":6},"end":{"line":25,"column":25}},"16":{"start":{"line":29,"column":2},"end":{"line":33,"column":5}},"17":{"start":{"line":30,"column":4},"end":{"line":32,"column":44}},"18":{"start":{"line":31,"column":6},"end":{"line":31,"column":27}}},"branchMap":{}},"/home/jack/Desktop/Node.js/lesson6/main.js":{"path":"/home/jack/Desktop/Node.js/lesson6/main.js","s":{"1":1,"2":0,"3":0,"4":0,"5":0,"6":0,"7":1,"8":0,"9":0},"b":{"1":[0,0],"2":[0,0],"3":[0,1]},"f":{"1":0},"fnMap":{"1":{"name":"(anonymous_1)","line":1,"loc":{"start":{"line":1,"column":16},"end":{"line":1,"column":29}}}},"statementMap":{"1":{"start":{"line":1,"column":0},"end":{"line":9,"column":2}},"2":{"start":{"line":2,"column":2},"end":{"line":4,"column":3}},"3":{"start":{"line":3,"column":4},"end":{"line":3,"column":13}},"4":{"start":{"line":5,"column":2},"end":{"line":7,"column":3}},"5":{"start":{"line":6,"column":4},"end":{"line":6,"column":13}},"6":{"start":{"line":8,"column":2},"end":{"line":8,"column":41}},"7":{"start":{"line":11,"column":0},"end":{"line":16,"column":1}},"8":{"start":{"line":14,"column":2},"end":{"line":14,"column":34}},"9":{"start":{"line":15,"column":2},"end":{"line":15,"column":55}}},"branchMap":{"1":{"line":2,"type":"if","locations":[{"start":{"line":2,"column":2},"end":{"line":2,"column":2}},{"start":{"line":2,"column":2},"end":{"line":2,"column":2}}]},"2":{"line":5,"type":"if","locations":[{"start":{"line":5,"column":2},"end":{"line":5,"column":2}},{"start":{"line":5,"column":2},"end":{"line":5,"column":2}}]},"3":{"line":11,"type":"if","locations":[{"start":{"line":11,"column":0},"end":{"line":11,"column":0}},{"start":{"line":11,"column":0},"end":{"line":11,"column":0}}]}}}}